{
  "RSpec": {
    "coverage": {
      "/Users/Guest/Desktop/would_you_rather/app/models/user.rb": [
        1,
        null,
        null,
        1,
        null,
        null,
        null,
        1,
        null,
        1,
        null,
        null,
        null,
        null,
        null,
        1,
        1,
        null,
        1,
        0,
        0,
        0,
        null,
        null,
        null,
        null,
        null,
        null
      ],
      "/Users/Guest/Desktop/would_you_rather/app/helpers/application_helper.rb": [
        1,
        null
      ],
      "/Users/Guest/Desktop/would_you_rather/app/models/option.rb": [
        1,
        1,
        1,
        null,
        1,
        null,
        1,
        4,
        1,
        null,
        null
      ],
      "/Users/Guest/Desktop/would_you_rather/app/models/question.rb": [
        1,
        1,
        1,
        null,
        1,
        null
      ],
      "/Users/Guest/Desktop/would_you_rather/app/models/vote.rb": [
        1,
        1,
        1,
        null
      ]
    },
    "timestamp": 1436915067
  }
}
