{
  "RSpec": {
    "coverage": {
      "/Users/Guest/Desktop/would_you_rather/app/models/user.rb": [
        1,
        null,
        null,
        1,
        null,
        null,
        null,
        1,
        null,
        1,
        null,
        null,
        null,
        null,
        null,
        1,
        1,
        null,
        1,
        3,
        3,
        3,
        null,
        null,
        null,
        null,
        null,
        null
      ],
      "/Users/Guest/Desktop/would_you_rather/app/helpers/application_helper.rb": [
        1,
        null
      ],
      "/Users/Guest/Desktop/would_you_rather/app/models/option.rb": [
        1,
        1,
        null,
        1,
        null
      ],
      "/Users/Guest/Desktop/would_you_rather/app/models/question.rb": [
        1,
        1,
        1,
        1,
        null,
        1,
        null
      ],
      "/Users/Guest/Desktop/would_you_rather/app/models/vote.rb": [
        1,
        1,
        1,
        null
      ],
      "/Users/Guest/Desktop/would_you_rather/app/controllers/questions_controller.rb": [
        1,
        1,
        null,
        1,
        null,
        null,
        1,
        22,
        null,
        null,
        null,
        1,
        null,
        null,
        null,
        1,
        4,
        12,
        null,
        null,
        null,
        1,
        null,
        null,
        null,
        1,
        4,
        null,
        4,
        4,
        8,
        null,
        null,
        4,
        4,
        8,
        null,
        4,
        null,
        null,
        4,
        null,
        2,
        3,
        3,
        null,
        null,
        2,
        null,
        null,
        null,
        null,
        1,
        6,
        4,
        6,
        6,
        null,
        null,
        2,
        null,
        null,
        null,
        null,
        1,
        4,
        4,
        6,
        6,
        null,
        null,
        null,
        1,
        null,
        1,
        21,
        null,
        null,
        null,
        1,
        14,
        null,
        null,
        1,
        13,
        1,
        1,
        null,
        1,
        null,
        null,
        null
      ],
      "/Users/Guest/Desktop/would_you_rather/app/controllers/application_controller.rb": [
        1,
        null,
        null,
        1,
        null,
        1,
        null,
        1,
        null,
        1,
        null,
        1,
        23,
        29,
        23,
        null,
        null
      ]
    },
    "timestamp": 1436906944
  }
}
